#
# A fatal error has been detected by the Java Runtime Environment:
#
#  Internal Error (javaClasses.cpp:126), pid=6296, tid=7960
#  fatal error: Invalid layout of preloaded class
#
# JRE version:  (8.0_25-b18) (build )
# Java VM: Java HotSpot(TM) Client VM (25.25-b02 mixed mode windows-x86 )
# Failed to write core dump. Minidumps are not enabled by default on client versions of Windows
#
# If you would like to submit a bug report, please visit:
#   http://bugreport.sun.com/bugreport/crash.jsp
#

---------------  T H R E A D  ---------------

Current thread (0x0070c400):  JavaThread "Unknown thread" [_thread_in_vm, id=7960, stack(0x00120000,0x00170000)]

Stack: [0x00120000,0x00170000],  sp=0x0016f9f4,  free space=318k
Native frames: (J=compiled Java code, j=interpreted, Vv=VM code, C=native code)
V  [jvm.dll+0x19796b]
V  [jvm.dll+0x1908e6]
V  [jvm.dll+0x3b4e9]
V  [jvm.dll+0x3b69e]
V  [jvm.dll+0x4a063]
V  [jvm.dll+0x9dc8e]
V  [jvm.dll+0x9df52]
V  [jvm.dll+0x145a01]
V  [jvm.dll+0x169ab8]
V  [jvm.dll+0xdaea1]
C  [javaw.exe+0x13e4]
C  [javaw.exe+0x1eb7]
C  [javaw.exe+0xaba1]
C  [javaw.exe+0xac2b]
C  [kernel32.dll+0x4ee1c]
C  [ntdll.dll+0x637eb]
C  [ntdll.dll+0x637be]
C  0x00000000


---------------  P R O C E S S  ---------------

Java Threads: ( => current thread )

Other Threads:

=>0x0070c400 (exited) JavaThread "Unknown thread" [_thread_in_vm, id=7960, stack(0x00120000,0x00170000)]

VM state:not at safepoint (not fully initialized)

VM Mutex/Monitor currently owned by a thread: None

GC Heap History (0 events):
No events

Deoptimization events (0 events):
No events

Internal exceptions (0 events):
No events

Events (10 events):
Event: 0.012 loading class java/lang/CharSequence done
Event: 0.012 loading class java/lang/String done
Event: 0.012 loading class java/lang/Class
Event: 0.013 loading class java/lang/reflect/AnnotatedElement
Event: 0.013 loading class java/lang/reflect/AnnotatedElement done
Event: 0.013 loading class java/lang/reflect/GenericDeclaration
Event: 0.013 loading class java/lang/reflect/GenericDeclaration done
Event: 0.013 loading class java/lang/reflect/Type
Event: 0.013 loading class java/lang/reflect/Type done
Event: 0.013 loading class java/lang/Class done


Dynamic libraries:
0x00c20000 - 0x00c50000 	D:\Program Files\jre1.8.0_25\bin\javaw.exe
0x777e0000 - 0x7791c000 	C:\Windows\SYSTEM32\ntdll.dll
0x77930000 - 0x77a04000 	C:\Windows\system32\kernel32.dll
0x756f0000 - 0x7573b000 	C:\Windows\system32\KERNELBASE.dll
0x77200000 - 0x772a0000 	C:\Windows\system32\ADVAPI32.dll
0x77340000 - 0x773ec000 	C:\Windows\system32\msvcrt.dll
0x773f0000 - 0x77409000 	C:\Windows\SYSTEM32\sechost.dll
0x75850000 - 0x758f2000 	C:\Windows\system32\RPCRT4.dll
0x75a40000 - 0x75b09000 	C:\Windows\system32\USER32.dll
0x759f0000 - 0x75a3e000 	C:\Windows\system32\GDI32.dll
0x75f00000 - 0x75f0a000 	C:\Windows\system32\LPK.dll
0x772a0000 - 0x7733d000 	C:\Windows\system32\USP10.dll
0x74320000 - 0x744be000 	C:\Windows\WinSxS\x86_microsoft.windows.common-controls_6595b64144ccf1df_6.0.7601.17514_none_41e6975e2bd6f2b2\COMCTL32.dll
0x75990000 - 0x759e7000 	C:\Windows\system32\SHLWAPI.dll
0x76da0000 - 0x76dbf000 	C:\Windows\system32\IMM32.DLL
0x75b80000 - 0x75c4c000 	C:\Windows\system32\MSCTF.dll
0x557f0000 - 0x558af000 	D:\Program Files\jre1.8.0_25\bin\msvcr100.dll
0x6efc0000 - 0x6f364000 	D:\Program Files\jre1.8.0_25\bin\client\jvm.dll
0x707f0000 - 0x707f7000 	C:\Windows\system32\WSOCK32.dll
0x75ec0000 - 0x75ef5000 	C:\Windows\system32\WS2_32.dll
0x75980000 - 0x75986000 	C:\Windows\system32\NSI.dll
0x75750000 - 0x75782000 	C:\Windows\system32\WINMM.dll
0x77920000 - 0x77925000 	C:\Windows\system32\PSAPI.DLL
0x6f710000 - 0x6f71c000 	D:\Program Files\jre1.8.0_25\bin\verify.dll
0x6f6e0000 - 0x6f701000 	D:\Program Files\jre1.8.0_25\bin\java.dll
0x6f6c0000 - 0x6f6d3000 	D:\Program Files\jre1.8.0_25\bin\zip.dll
0x6d690000 - 0x6d77b000 	C:\Windows\system32\dbghelp.dll

VM Arguments:
jvm_args: -Dfile.encoding=GBK -Xbootclasspath:D:\adt-bundle-windows-x86-20140702\sdk\platforms\android-14\android.jar 
java_command: tes1
java_class_path (initial): D:\Beta7.0\plane3.2\libs\LGame-Android-0.2.8S.jar;D:\Beta7.0\plane3.2\libs\android-support-v4.jar;D:\Beta7.0\plane3.2\libs\admob-sdk-android.jar;D:\adt-bundle-windows-x86-20140702\sdk\tools\support\annotations.jar;D:\Beta7.0\plane3.2\bin\classes
Launcher Type: SUN_STANDARD

Environment Variables:
PATH=D:/Program Files/jre1.8.0_25/bin/client;D:/Program Files/jre1.8.0_25/bin;D:/Program Files/jre1.8.0_25/lib/i386;F:\Program Files\Profactor\ReconstructMeSDK\2.1.845\bin;C:\ProgramData\Oracle\Java\javapath;C:\Windows\system32;C:\Windows;C:\Windows\System32\Wbem;C:\Windows\System32\WindowsPowerShell\v1.0\;D:\Program Files\MATLAB\R2010a\runtime\win32;D:\Program Files\MATLAB\R2010a\bin;D:\Program Files\CTEX\UserData\miktex\bin;D:\Program Files\CTEX\MiKTeX\miktex\bin;D:\Program Files\CTEX\CTeX\ctex\bin;D:\Program Files\CTEX\CTeX\cct\bin;D:\Program Files\CTEX\CTeX\ty\bin;D:\Program Files\CTEX\Ghostscript\gs9.05\bin;D:\Program Files\CTEX\GSview\gsview;D:\Program Files\CTEX\WinEdt;F:\Program Files\Apache Software Foundation\MySQL\bin;D:\Program Files\QuickTime\QTSystem\;C:\Program Files\Microsoft\Web Platform Installer\;C:\Program Files\Microsoft ASP.NET\ASP.NET Web Pages\v1.0\;C:\Program Files\Windows Kits\8.0\Windows Performance Toolkit\;C:\Program Files\Microsoft SQL Server\110\Tools\Binn\;E:\Program Files\opencv\build\x86\vc11\bin;C:\Program Files\Common Files\Ulead Systems\MPEG;D:\Program Files\SSH Communications Security\SSH Secure Shell;D:\adt-bundle-windows-x86-20140702\eclipse;
USERNAME=Ren
OS=Windows_NT
PROCESSOR_IDENTIFIER=x86 Family 6 Model 37 Stepping 5, GenuineIntel



---------------  S Y S T E M  ---------------

OS: Windows 7 Build 7601 Service Pack 1

CPU:total 4 (2 cores per cpu, 2 threads per core) family 6 model 37 stepping 5, cmov, cx8, fxsr, mmx, sse, sse2, sse3, ssse3, sse4.1, sse4.2, popcnt, ht, tsc, tscinvbit

Memory: 4k page, physical 3060284k(737900k free), swap 9179100k(5378952k free)

vm_info: Java HotSpot(TM) Client VM (25.25-b02) for windows-x86 JRE (1.8.0_25-b18), built on Oct  7 2014 14:31:05 by "java_re" with MS VC++ 10.0 (VS2010)

time: Fri Dec 26 18:43:04 2014
elapsed time: 0 seconds (0d 0h 0m 0s)

